*   Trying 127.0.0.1:443...
  % Total    % Received % Xferd  Average Speed   Time    Time     Time  Current
                                 Dload  Upload   Total   Spent    Left  Speed
  0     0    0     0    0     0      0      0 --:--:-- --:--:-- --:--:--     0* Connected to localhost (127.0.0.1) port 443 (#0)
* ALPN, offering h2
* ALPN, offering http/1.1
* TLSv1.0 (OUT), TLS header, Certificate Status (22):
} [5 bytes data]
* TLSv1.3 (OUT), TLS handshake, Client hello (1):
} [512 bytes data]
* TLSv1.2 (IN), TLS header, Certificate Status (22):
{ [5 bytes data]
* TLSv1.3 (IN), TLS handshake, Server hello (2):
{ [122 bytes data]
* TLSv1.2 (IN), TLS header, Finished (20):
{ [5 bytes data]
* TLSv1.2 (IN), TLS header, Supplemental data (23):
{ [5 bytes data]
* TLSv1.3 (IN), TLS handshake, Encrypted Extensions (8):
{ [25 bytes data]
* TLSv1.2 (IN), TLS header, Supplemental data (23):
{ [5 bytes data]
* TLSv1.3 (IN), TLS handshake, Certificate (11):
{ [954 bytes data]
* TLSv1.2 (IN), TLS header, Supplemental data (23):
{ [5 bytes data]
* TLSv1.3 (IN), TLS handshake, CERT verify (15):
{ [264 bytes data]
* TLSv1.2 (IN), TLS header, Supplemental data (23):
{ [5 bytes data]
* TLSv1.3 (IN), TLS handshake, Finished (20):
{ [52 bytes data]
* TLSv1.2 (OUT), TLS header, Finished (20):
} [5 bytes data]
* TLSv1.3 (OUT), TLS change cipher, Change cipher spec (1):
} [1 bytes data]
* TLSv1.2 (OUT), TLS header, Supplemental data (23):
} [5 bytes data]
* TLSv1.3 (OUT), TLS handshake, Finished (20):
} [52 bytes data]
* SSL connection using TLSv1.3 / TLS_AES_256_GCM_SHA384
* ALPN, server accepted to use http/1.1
* Server certificate:
*  subject: C=RU; ST=Moscow; L=Moscow; O=MyCompany; OU=IT; CN=localhost
*  start date: May 20 17:31:38 2025 GMT
*  expire date: May 20 17:31:38 2026 GMT
*  issuer: C=RU; ST=Moscow; L=Moscow; O=MyCompany; OU=IT; CN=localhost
*  SSL certificate verify result: self-signed certificate (18), continuing anyway.
* TLSv1.2 (OUT), TLS header, Supplemental data (23):
} [5 bytes data]
> GET / HTTP/1.1
> Host: localhost
> User-Agent: curl/7.81.0
> Accept: */*
> 
* TLSv1.2 (IN), TLS header, Supplemental data (23):
{ [5 bytes data]
* TLSv1.3 (IN), TLS handshake, Newsession Ticket (4):
{ [265 bytes data]
* TLSv1.2 (IN), TLS header, Supplemental data (23):
{ [5 bytes data]
* TLSv1.3 (IN), TLS handshake, Newsession Ticket (4):
{ [265 bytes data]
* old SSL session ID is stale, removing
* TLSv1.2 (IN), TLS header, Supplemental data (23):
{ [5 bytes data]
* Mark bundle as not supporting multiuse
< HTTP/1.1 200 OK
< Server: nginx/1.21.6
< Date: Tue, 20 May 2025 18:14:39 GMT
< Content-Type: text/html
< Content-Length: 302
< Last-Modified: Tue, 20 May 2025 17:47:42 GMT
< Connection: keep-alive
< ETag: "682cc03e-12e"
< Accept-Ranges: bytes
< 
{ [302 bytes data]
100   302  100   302    0     0  25743      0 --:--:-- --:--:-- --:--:-- 27454
* Connection #0 to host localhost left intact
<!DOCTYPE html>
<html lang="ru">
<head>
  <meta charset="UTF-8">
  <title>Привет от Nginx!</title>
</head>
<body>
  <h1>Добро пожаловать на HTTPS-сервер!</h1>
  <p>Сервер использует самоподписанный сертификат.</p>
</body>
</html>
